<?xml version="1.0" encoding="UTF-8"?>
<!-- Generated by org.testng.reporters.JUnitReportReporter -->
<testsuite skipped="0" hostname="ULTRON" name="DDT.LoginFacebookExcel" tests="3" failures="0" timestamp="31 Jul 2018 14:54:49 GMT" time="200.396" errors="0">
  <testcase name="loginToFacebook" time="46.624" classname="DDT.LoginFacebookExcel"/>
  <testcase name="loginToFacebook" time="32.967" classname="DDT.LoginFacebookExcel"/>
  <testcase name="loginToFacebook" time="120.805" classname="DDT.LoginFacebookExcel"/>
</testsuite> <!-- DDT.LoginFacebookExcel -->
