<?xml version="1.0" encoding="UTF-8"?>
<!-- Generated by org.testng.reporters.JUnitReportReporter -->
<testsuite skipped="0" hostname="Mukesh" name="com.crm.qa.testcases.CaptureScreenshot" tests="1" failures="0" timestamp="16 Jul 2018 14:09:22 GMT" time="37.939" errors="0">
  <testcase name="clickScreenshot" time="37.939" classname="com.crm.qa.testcases.CaptureScreenshot"/>
</testsuite> <!-- com.crm.qa.testcases.CaptureScreenshot -->
