<?xml version="1.0" encoding="UTF-8"?>
<!-- Generated by org.testng.reporters.JUnitReportReporter -->
<testsuite skipped="0" hostname="ULTRON" name="com.crm.qa.testcases.LoginPageTest" tests="3" failures="0" timestamp="07 Sep 2018 06:45:02 GMT" time="41.705" errors="0">
  <testcase name="loginPageTitleTest" time="10.654" classname="com.crm.qa.testcases.LoginPageTest"/>
  <testcase name="crmLogoImageTest" time="13.771" classname="com.crm.qa.testcases.LoginPageTest"/>
  <testcase name="loginTest" time="17.280" classname="com.crm.qa.testcases.LoginPageTest"/>
</testsuite> <!-- com.crm.qa.testcases.LoginPageTest -->
