<?xml version="1.0" encoding="UTF-8"?>
<!-- Generated by org.testng.reporters.JUnitReportReporter -->
<testsuite skipped="0" hostname="ULTRON" name="DDT.LoginFacebook" tests="3" failures="0" timestamp="31 Jul 2018 12:37:57 GMT" time="192.304" errors="0">
  <testcase name="loginToFacebook" time="33.066" classname="DDT.LoginFacebook"/>
  <testcase name="loginToFacebook" time="62.902" classname="DDT.LoginFacebook"/>
  <testcase name="loginToFacebook" time="96.336" classname="DDT.LoginFacebook"/>
</testsuite> <!-- DDT.LoginFacebook -->
