<?xml version="1.0" encoding="UTF-8"?>
<!-- Generated by org.testng.reporters.JUnitReportReporter -->
<testsuite skipped="0" hostname="ULTRON" name="raugh.clickContacts" tests="1" failures="0" timestamp="28 Aug 2018 13:54:49 GMT" time="29.476" errors="0">
  <testcase name="clickContactsLink" time="29.476" classname="raugh.clickContacts"/>
</testsuite> <!-- raugh.clickContacts -->
