<?xml version="1.0" encoding="UTF-8"?>
<!-- Generated by org.testng.reporters.JUnitReportReporter -->
<testsuite skipped="0" hostname="ULTRON" name="com.crm.qa.testcases.LoginPageTest" tests="1" failures="0" timestamp="07 Sep 2018 11:57:38 GMT" time="17.576" errors="0">
  <testcase name="loginPageTitleTest" time="17.576" classname="com.crm.qa.testcases.LoginPageTest"/>
</testsuite> <!-- com.crm.qa.testcases.LoginPageTest -->
