<?xml version="1.0" encoding="UTF-8"?>
<!-- Generated by org.testng.reporters.JUnitReportReporter -->
<testsuite skipped="0" hostname="ULTRON" name="com.crm.qa.testcases.ContactsPageTest" tests="1" failures="0" timestamp="07 Sep 2018 11:57:38 GMT" time="46.125" errors="0">
  <testcase name="verifyContactsLableTest" time="46.125" classname="com.crm.qa.testcases.ContactsPageTest"/>
</testsuite> <!-- com.crm.qa.testcases.ContactsPageTest -->
