<?xml version="1.0" encoding="UTF-8"?>
<!-- Generated by org.testng.reporters.JUnitReportReporter -->
<testsuite skipped="0" hostname="ULTRON" name="com.crm.qa.testcases.HomePageTest" tests="1" failures="0" timestamp="07 Sep 2018 11:57:38 GMT" time="29.358" errors="0">
  <testcase name="veriftHomePageTitleTest" time="29.358" classname="com.crm.qa.testcases.HomePageTest"/>
</testsuite> <!-- com.crm.qa.testcases.HomePageTest -->
